使用的设备: cuda
-------------------------------
Epoch 1
Epoch 1, Learning Rate:
0.0001
-------------------------------
Epoch 2
Epoch 2, Learning Rate:
0.0001
-------------------------------
Epoch 3
Epoch 3, Learning Rate:
0.0001
-------------------------------
Epoch 4
Epoch 4, Learning Rate:
0.0001
-------------------------------
Epoch 5
Epoch 5, Learning Rate:
0.0001
-------------------------------
Epoch 6
Epoch 6, Learning Rate:
0.0001
-------------------------------
Epoch 7
Epoch 7, Learning Rate:
0.0001
-------------------------------
Epoch 8
Epoch 8, Learning Rate:
0.0001
-------------------------------
Epoch 9
Epoch 9, Learning Rate:
0.0001
-------------------------------
Epoch 10
Epoch 10, Learning Rate:
2e-05
-------------------------------
Epoch 11
Epoch 11, Learning Rate:
2e-05
-------------------------------
Epoch 12
Epoch 12, Learning Rate:
2e-05
-------------------------------
Epoch 13
Epoch 13, Learning Rate:
2e-05
-------------------------------
Epoch 14
Epoch 14, Learning Rate:
2e-05
-------------------------------
Epoch 15
Epoch 15, Learning Rate:
2e-05
-------------------------------
Epoch 16
Epoch 16, Learning Rate:
2e-05
-------------------------------
Epoch 17
Epoch 17, Learning Rate:
2e-05
-------------------------------
Epoch 18
Epoch 18, Learning Rate:
2e-05
-------------------------------
Epoch 19
Epoch 19, Learning Rate:
2e-05
-------------------------------
Epoch 20
Epoch 20, Learning Rate:
4.000000000000001e-06
-------------------------------
Epoch 21
Epoch 21, Learning Rate:
4.000000000000001e-06
-------------------------------
Epoch 22
Epoch 22, Learning Rate:
4.000000000000001e-06
-------------------------------
Epoch 23
Epoch 23, Learning Rate:
4.000000000000001e-06
-------------------------------
Epoch 24
Epoch 24, Learning Rate:
4.000000000000001e-06
-------------------------------
Epoch 25
Epoch 25, Learning Rate:
4.000000000000001e-06
-------------------------------
Epoch 26
Epoch 26, Learning Rate:
4.000000000000001e-06
-------------------------------
Epoch 27
Epoch 27, Learning Rate:
4.000000000000001e-06
-------------------------------
Epoch 28
Epoch 28, Learning Rate:
4.000000000000001e-06
-------------------------------
Epoch 29
Epoch 29, Learning Rate:
4.000000000000001e-06
-------------------------------
Epoch 30
Epoch 30, Learning Rate:
8.000000000000002e-07
-------------------------------
Epoch 31
Epoch 31, Learning Rate:
8.000000000000002e-07
-------------------------------
Epoch 32
Epoch 32, Learning Rate:
8.000000000000002e-07
-------------------------------
Epoch 33
Epoch 33, Learning Rate:
8.000000000000002e-07
-------------------------------
Epoch 34
Epoch 34, Learning Rate:
8.000000000000002e-07
-------------------------------
Epoch 35
Epoch 35, Learning Rate:
8.000000000000002e-07
-------------------------------
Epoch 36
Epoch 36, Learning Rate:
8.000000000000002e-07
-------------------------------
Epoch 37
Epoch 37, Learning Rate:
8.000000000000002e-07
-------------------------------
Epoch 38
Epoch 38, Learning Rate:
8.000000000000002e-07
-------------------------------
Epoch 39
Epoch 39, Learning Rate:
8.000000000000002e-07
-------------------------------
Epoch 40
Epoch 40, Learning Rate:
1.6000000000000006e-07
-------------------------------
Epoch 41
Epoch 41, Learning Rate:
1.6000000000000006e-07
-------------------------------
Epoch 42
Epoch 42, Learning Rate:
1.6000000000000006e-07
-------------------------------
Epoch 43
Epoch 43, Learning Rate:
1.6000000000000006e-07
-------------------------------
Epoch 44
Epoch 44, Learning Rate:
1.6000000000000006e-07
-------------------------------
Epoch 45
Epoch 45, Learning Rate:
1.6000000000000006e-07
-------------------------------
Epoch 46
Epoch 46, Learning Rate:
1.6000000000000006e-07
-------------------------------
Epoch 47
Epoch 47, Learning Rate:
1.6000000000000006e-07
-------------------------------
Epoch 48
Epoch 48, Learning Rate:
1.6000000000000006e-07
-------------------------------
Epoch 49
Epoch 49, Learning Rate:
1.6000000000000006e-07
-------------------------------
Epoch 50
Epoch 50, Learning Rate:
3.2000000000000015e-08
-------------------------------
Epoch 51
Epoch 51, Learning Rate:
3.2000000000000015e-08
-------------------------------
Epoch 52
Epoch 52, Learning Rate:
3.2000000000000015e-08
-------------------------------
Epoch 53
Epoch 53, Learning Rate:
3.2000000000000015e-08
-------------------------------
Epoch 54
Epoch 54, Learning Rate:
3.2000000000000015e-08
-------------------------------
Epoch 55
Epoch 55, Learning Rate:
3.2000000000000015e-08
-------------------------------
Epoch 56
Epoch 56, Learning Rate:
3.2000000000000015e-08
-------------------------------
Epoch 57
Epoch 57, Learning Rate:
3.2000000000000015e-08
-------------------------------
Epoch 58
Epoch 58, Learning Rate:
3.2000000000000015e-08
-------------------------------
Epoch 59
Epoch 59, Learning Rate:
3.2000000000000015e-08
-------------------------------
Epoch 60
Epoch 60, Learning Rate:
6.4000000000000035e-09
-------------------------------
Epoch 61
Epoch 61, Learning Rate:
6.4000000000000035e-09
-------------------------------
Epoch 62
Epoch 62, Learning Rate:
6.4000000000000035e-09
-------------------------------
Epoch 63
Epoch 63, Learning Rate:
6.4000000000000035e-09
-------------------------------
Epoch 64
Epoch 64, Learning Rate:
6.4000000000000035e-09
-------------------------------
Epoch 65
Epoch 65, Learning Rate:
6.4000000000000035e-09
-------------------------------
Epoch 66
Epoch 66, Learning Rate:
6.4000000000000035e-09
-------------------------------
Epoch 67
Epoch 67, Learning Rate:
6.4000000000000035e-09
-------------------------------
Epoch 68
Epoch 68, Learning Rate:
6.4000000000000035e-09
-------------------------------
Epoch 69
Epoch 69, Learning Rate:
6.4000000000000035e-09
-------------------------------
Epoch 70
Epoch 70, Learning Rate:
1.2800000000000007e-09
-------------------------------
Epoch 71
Epoch 71, Learning Rate:
1.2800000000000007e-09
-------------------------------
Epoch 72
Epoch 72, Learning Rate:
1.2800000000000007e-09
-------------------------------
Epoch 73
Epoch 73, Learning Rate:
1.2800000000000007e-09
-------------------------------
Epoch 74
Epoch 74, Learning Rate:
1.2800000000000007e-09
-------------------------------
Epoch 75
Epoch 75, Learning Rate:
1.2800000000000007e-09
-------------------------------
Epoch 76
Epoch 76, Learning Rate:
1.2800000000000007e-09
-------------------------------
Epoch 77
Epoch 77, Learning Rate:
1.2800000000000007e-09
-------------------------------
Epoch 78
Epoch 78, Learning Rate:
1.2800000000000007e-09
-------------------------------
Epoch 79
Epoch 79, Learning Rate:
1.2800000000000007e-09
-------------------------------
Epoch 80
Epoch 80, Learning Rate:
2.5600000000000015e-10
-------------------------------
Epoch 81
Epoch 81, Learning Rate:
2.5600000000000015e-10
-------------------------------
Epoch 82
Epoch 82, Learning Rate:
2.5600000000000015e-10
-------------------------------
Epoch 83
Epoch 83, Learning Rate:
2.5600000000000015e-10
-------------------------------
Epoch 84
Epoch 84, Learning Rate:
2.5600000000000015e-10
-------------------------------
Epoch 85
Epoch 85, Learning Rate:
2.5600000000000015e-10
-------------------------------
Epoch 86
Epoch 86, Learning Rate:
2.5600000000000015e-10
-------------------------------
Epoch 87
Epoch 87, Learning Rate:
2.5600000000000015e-10
-------------------------------
Epoch 88
Epoch 88, Learning Rate:
2.5600000000000015e-10
-------------------------------
Epoch 89
Epoch 89, Learning Rate:
2.5600000000000015e-10
-------------------------------
Epoch 90
Epoch 90, Learning Rate:
5.1200000000000034e-11
-------------------------------
Epoch 91
Epoch 91, Learning Rate:
5.1200000000000034e-11
-------------------------------
Epoch 92
Epoch 92, Learning Rate:
5.1200000000000034e-11
-------------------------------
Epoch 93
Epoch 93, Learning Rate:
5.1200000000000034e-11
-------------------------------
Epoch 94
Epoch 94, Learning Rate:
5.1200000000000034e-11
-------------------------------
Epoch 95
Epoch 95, Learning Rate:
5.1200000000000034e-11
-------------------------------
Epoch 96
Epoch 96, Learning Rate:
5.1200000000000034e-11
-------------------------------
Epoch 97
Epoch 97, Learning Rate:
5.1200000000000034e-11
-------------------------------
Epoch 98
Epoch 98, Learning Rate:
5.1200000000000034e-11
-------------------------------
Epoch 99
Epoch 99, Learning Rate:
5.1200000000000034e-11
-------------------------------
Epoch 100
Epoch 100, Learning Rate:
1.0240000000000008e-11
-------------------------------
Epoch 101
Epoch 101, Learning Rate:
1.0240000000000008e-11
-------------------------------
Epoch 102
Epoch 102, Learning Rate:
1.0240000000000008e-11
-------------------------------
Epoch 103
Epoch 103, Learning Rate:
1.0240000000000008e-11
-------------------------------
Epoch 104
Epoch 104, Learning Rate:
1.0240000000000008e-11
-------------------------------
Epoch 105
Epoch 105, Learning Rate:
1.0240000000000008e-11
-------------------------------
Epoch 106
Epoch 106, Learning Rate:
1.0240000000000008e-11
-------------------------------
Epoch 107
Epoch 107, Learning Rate:
1.0240000000000008e-11
-------------------------------
Epoch 108
Epoch 108, Learning Rate:
1.0240000000000008e-11
-------------------------------
Epoch 109
Epoch 109, Learning Rate:
1.0240000000000008e-11
-------------------------------
Epoch 110
Epoch 110, Learning Rate:
2.0480000000000018e-12
-------------------------------
Epoch 111
Epoch 111, Learning Rate:
2.0480000000000018e-12
-------------------------------
Epoch 112
Epoch 112, Learning Rate:
2.0480000000000018e-12
-------------------------------
Epoch 113
Epoch 113, Learning Rate:
2.0480000000000018e-12
-------------------------------
Epoch 114
Epoch 114, Learning Rate:
2.0480000000000018e-12
-------------------------------
Epoch 115
Epoch 115, Learning Rate:
2.0480000000000018e-12
-------------------------------
Epoch 116
Epoch 116, Learning Rate:
2.0480000000000018e-12
-------------------------------
Epoch 117
Epoch 117, Learning Rate:
2.0480000000000018e-12
-------------------------------
Epoch 118
Epoch 118, Learning Rate:
2.0480000000000018e-12
-------------------------------
Epoch 119
Epoch 119, Learning Rate:
2.0480000000000018e-12
-------------------------------
Epoch 120
Epoch 120, Learning Rate:
4.096000000000004e-13
-------------------------------
Epoch 121
Epoch 121, Learning Rate:
4.096000000000004e-13
-------------------------------
Epoch 122
Epoch 122, Learning Rate:
4.096000000000004e-13
-------------------------------
Epoch 123
Epoch 123, Learning Rate:
4.096000000000004e-13
-------------------------------
Epoch 124
Epoch 124, Learning Rate:
4.096000000000004e-13
-------------------------------
Epoch 125
Epoch 125, Learning Rate:
4.096000000000004e-13
-------------------------------
Epoch 126
Epoch 126, Learning Rate:
4.096000000000004e-13
-------------------------------
Epoch 127
Epoch 127, Learning Rate:
4.096000000000004e-13
-------------------------------
Epoch 128
Epoch 128, Learning Rate:
4.096000000000004e-13
-------------------------------
Epoch 129
Epoch 129, Learning Rate:
4.096000000000004e-13
-------------------------------
Epoch 130
Epoch 130, Learning Rate:
8.192000000000008e-14
-------------------------------
Epoch 131
Epoch 131, Learning Rate:
8.192000000000008e-14
-------------------------------
Epoch 132
Epoch 132, Learning Rate:
8.192000000000008e-14
-------------------------------
Epoch 133
Epoch 133, Learning Rate:
8.192000000000008e-14
-------------------------------
Epoch 134
Epoch 134, Learning Rate:
8.192000000000008e-14
-------------------------------
Epoch 135
Epoch 135, Learning Rate:
8.192000000000008e-14
-------------------------------
Epoch 136
Epoch 136, Learning Rate:
8.192000000000008e-14
-------------------------------
Epoch 137
Epoch 137, Learning Rate:
8.192000000000008e-14
-------------------------------
Epoch 138
Epoch 138, Learning Rate:
8.192000000000008e-14
-------------------------------
Epoch 139
Epoch 139, Learning Rate:
8.192000000000008e-14
-------------------------------
Epoch 140
Epoch 140, Learning Rate:
1.6384000000000017e-14
-------------------------------
Epoch 141
Epoch 141, Learning Rate:
1.6384000000000017e-14
-------------------------------
Epoch 142
Epoch 142, Learning Rate:
1.6384000000000017e-14
-------------------------------
Epoch 143
Epoch 143, Learning Rate:
1.6384000000000017e-14
-------------------------------
Epoch 144
Epoch 144, Learning Rate:
1.6384000000000017e-14
-------------------------------
Epoch 145
Epoch 145, Learning Rate:
1.6384000000000017e-14
-------------------------------
Epoch 146
Epoch 146, Learning Rate:
1.6384000000000017e-14
-------------------------------
Epoch 147
Epoch 147, Learning Rate:
1.6384000000000017e-14
-------------------------------
Epoch 148
Epoch 148, Learning Rate:
1.6384000000000017e-14
-------------------------------
Epoch 149
Epoch 149, Learning Rate:
1.6384000000000017e-14
-------------------------------
Epoch 150
Epoch 150, Learning Rate:
3.2768000000000035e-15
-------------------------------
Epoch 151
Epoch 151, Learning Rate:
3.2768000000000035e-15
-------------------------------
Epoch 152
Epoch 152, Learning Rate:
3.2768000000000035e-15
-------------------------------
Epoch 153
Epoch 153, Learning Rate:
3.2768000000000035e-15
-------------------------------
Epoch 154
Epoch 154, Learning Rate:
3.2768000000000035e-15
-------------------------------
Epoch 155
Epoch 155, Learning Rate:
3.2768000000000035e-15
-------------------------------
Epoch 156
Epoch 156, Learning Rate:
3.2768000000000035e-15
-------------------------------
Epoch 157
Epoch 157, Learning Rate:
3.2768000000000035e-15
-------------------------------
Epoch 158
Epoch 158, Learning Rate:
3.2768000000000035e-15
-------------------------------
Epoch 159
Epoch 159, Learning Rate:
3.2768000000000035e-15
-------------------------------
Epoch 160
Epoch 160, Learning Rate:
6.553600000000008e-16
-------------------------------
Epoch 161
Epoch 161, Learning Rate:
6.553600000000008e-16
-------------------------------
Epoch 162
Epoch 162, Learning Rate:
6.553600000000008e-16
-------------------------------
Epoch 163
Epoch 163, Learning Rate:
6.553600000000008e-16
-------------------------------
Epoch 164
Epoch 164, Learning Rate:
6.553600000000008e-16
-------------------------------
Epoch 165
Epoch 165, Learning Rate:
6.553600000000008e-16
-------------------------------
Epoch 166
Epoch 166, Learning Rate:
6.553600000000008e-16
-------------------------------
Epoch 167
Epoch 167, Learning Rate:
6.553600000000008e-16
-------------------------------
Epoch 168
Epoch 168, Learning Rate:
6.553600000000008e-16
-------------------------------
Epoch 169
Epoch 169, Learning Rate:
6.553600000000008e-16
-------------------------------
Epoch 170
Epoch 170, Learning Rate:
1.3107200000000016e-16
-------------------------------
Epoch 171
Epoch 171, Learning Rate:
1.3107200000000016e-16
-------------------------------
Epoch 172
Epoch 172, Learning Rate:
1.3107200000000016e-16
-------------------------------
Epoch 173
Epoch 173, Learning Rate:
1.3107200000000016e-16
-------------------------------
Epoch 174
Epoch 174, Learning Rate:
1.3107200000000016e-16
-------------------------------
Epoch 175
Epoch 175, Learning Rate:
1.3107200000000016e-16
-------------------------------
Epoch 176
Epoch 176, Learning Rate:
1.3107200000000016e-16
-------------------------------
Epoch 177
Epoch 177, Learning Rate:
1.3107200000000016e-16
-------------------------------
Epoch 178
Epoch 178, Learning Rate:
1.3107200000000016e-16
-------------------------------
Epoch 179
Epoch 179, Learning Rate:
1.3107200000000016e-16
-------------------------------
Epoch 180
Epoch 180, Learning Rate:
2.6214400000000032e-17
-------------------------------
Epoch 181
Epoch 181, Learning Rate:
2.6214400000000032e-17
-------------------------------
Epoch 182
Epoch 182, Learning Rate:
2.6214400000000032e-17
-------------------------------
Epoch 183
Epoch 183, Learning Rate:
2.6214400000000032e-17
-------------------------------
Epoch 184
Epoch 184, Learning Rate:
2.6214400000000032e-17
-------------------------------
Epoch 185
Epoch 185, Learning Rate:
2.6214400000000032e-17
-------------------------------
Epoch 186
Epoch 186, Learning Rate:
2.6214400000000032e-17
-------------------------------
Epoch 187
Epoch 187, Learning Rate:
2.6214400000000032e-17
-------------------------------
Epoch 188
Epoch 188, Learning Rate:
2.6214400000000032e-17
-------------------------------
Epoch 189
Epoch 189, Learning Rate:
2.6214400000000032e-17
-------------------------------
Epoch 190
Epoch 190, Learning Rate:
5.242880000000007e-18
-------------------------------
Epoch 191
Epoch 191, Learning Rate:
5.242880000000007e-18
-------------------------------
Epoch 192
Epoch 192, Learning Rate:
5.242880000000007e-18
-------------------------------
Epoch 193
Epoch 193, Learning Rate:
5.242880000000007e-18
-------------------------------
Epoch 194
Epoch 194, Learning Rate:
5.242880000000007e-18
-------------------------------
Epoch 195
Epoch 195, Learning Rate:
5.242880000000007e-18
-------------------------------
Epoch 196
Epoch 196, Learning Rate:
5.242880000000007e-18
-------------------------------
Epoch 197
Epoch 197, Learning Rate:
5.242880000000007e-18
-------------------------------
Epoch 198
Epoch 198, Learning Rate:
5.242880000000007e-18
-------------------------------
Epoch 199
Epoch 199, Learning Rate:
5.242880000000007e-18
-------------------------------
Epoch 200
Epoch 200, Learning Rate:
1.0485760000000015e-18
-------------------------------
Epoch 201
Epoch 201, Learning Rate:
1.0485760000000015e-18
-------------------------------
Epoch 202
Epoch 202, Learning Rate:
1.0485760000000015e-18
-------------------------------
Epoch 203
Epoch 203, Learning Rate:
1.0485760000000015e-18
-------------------------------
Epoch 204
Epoch 204, Learning Rate:
1.0485760000000015e-18
-------------------------------
Epoch 205
Epoch 205, Learning Rate:
1.0485760000000015e-18
-------------------------------
Epoch 206
Epoch 206, Learning Rate:
1.0485760000000015e-18
-------------------------------
Epoch 207
Epoch 207, Learning Rate:
1.0485760000000015e-18
early stop at epoch:206
[6.8151227579791214e-06, 5.222629037957413e-06, 5.094959032760982e-06, 4.424690352786389e-06, 3.1982859460210284e-06, 2.440872381912017e-06, 7.441068162061617e-06, 5.034239019076097e-06, 1.1159569841204741e-05, 8.43356622859284e-06, 1.258521533536526e-05, 1.3146094246661257e-05, 1.3741351380085608e-05, 1.1516462790132432e-05, 1.1875490384066805e-05, 8.980641736328107e-06, 1.1579357684642468e-05, 1.1026465710775747e-05, 1.0611939305464175e-05, 9.307052378877002e-06, 1.269380057550348e-05, 1.1620652062498642e-05, 9.765284712843376e-06, 4.296667265648724e-06, 3.343642044181578e-07, 2.5571407783769213e-08, 3.2423599427486656e-07, 6.383648260730233e-06, 1.64606195001328e-06, 3.383344452993647e-06, 1.2124985733739287e-06, 8.935245046881951e-07, 1.0543838814169398e-06, 2.9146731087640695e-06, 4.383138985801302e-06, 5.405836509449021e-06, 7.656266834555576e-06, 4.109198256593666e-06, 4.308239895613418e-06, 6.962002723478928e-06, 4.171571002251282e-06, 9.292719798500255e-06, 1.3040045224854652e-05, 1.2573156264327753e-05, 9.290390731800394e-06, 8.832468205139448e-06, 3.7473682001108175e-06, 3.6740699382711536e-06, 6.929052161837717e-06, 8.571354641007804e-06]
[100, 101, 102, 103, 104, 105, 106, 107, 108, 109, 110, 111, 112, 113, 114, 115, 116, 117, 118, 119, 120, 121, 122, 123, 146, 149, 158, 178, 179, 181, 182, 186, 189, 190, 191, 192, 193, 194, 195, 196, 197, 198, 199, 200, 201, 202, 203, 204, 205, 206]
Done!
finish all epochs:500
