nohup: ignoring input
使用的设备: cuda
-------------------------------
Epoch 1
Epoch 1, Learning Rate:
0.0001
-------------------------------
Epoch 2
Epoch 2, Learning Rate:
0.0001
-------------------------------
Epoch 3
Epoch 3, Learning Rate:
0.0001
-------------------------------
Epoch 4
Epoch 4, Learning Rate:
0.0001
-------------------------------
Epoch 5
Epoch 5, Learning Rate:
0.0001
-------------------------------
Epoch 6
Epoch 6, Learning Rate:
0.0001
-------------------------------
Epoch 7
Epoch 7, Learning Rate:
0.0001
-------------------------------
Epoch 8
Epoch 8, Learning Rate:
0.0001
-------------------------------
Epoch 9
Epoch 9, Learning Rate:
0.0001
-------------------------------
Epoch 10
Epoch 10, Learning Rate:
2e-05
-------------------------------
Epoch 11
Epoch 11, Learning Rate:
2e-05
-------------------------------
Epoch 12
Epoch 12, Learning Rate:
2e-05
-------------------------------
Epoch 13
Epoch 13, Learning Rate:
2e-05
-------------------------------
Epoch 14
Epoch 14, Learning Rate:
2e-05
-------------------------------
Epoch 15
Epoch 15, Learning Rate:
2e-05
-------------------------------
Epoch 16
Epoch 16, Learning Rate:
2e-05
-------------------------------
Epoch 17
Epoch 17, Learning Rate:
2e-05
-------------------------------
Epoch 18
Epoch 18, Learning Rate:
2e-05
-------------------------------
Epoch 19
Epoch 19, Learning Rate:
2e-05
-------------------------------
Epoch 20
Epoch 20, Learning Rate:
4.000000000000001e-06
-------------------------------
Epoch 21
Epoch 21, Learning Rate:
4.000000000000001e-06
-------------------------------
Epoch 22
Epoch 22, Learning Rate:
4.000000000000001e-06
-------------------------------
Epoch 23
Epoch 23, Learning Rate:
4.000000000000001e-06
-------------------------------
Epoch 24
Epoch 24, Learning Rate:
4.000000000000001e-06
-------------------------------
Epoch 25
Epoch 25, Learning Rate:
4.000000000000001e-06
-------------------------------
Epoch 26
Epoch 26, Learning Rate:
4.000000000000001e-06
-------------------------------
Epoch 27
Epoch 27, Learning Rate:
4.000000000000001e-06
-------------------------------
Epoch 28
Epoch 28, Learning Rate:
4.000000000000001e-06
-------------------------------
Epoch 29
Epoch 29, Learning Rate:
4.000000000000001e-06
-------------------------------
Epoch 30
Epoch 30, Learning Rate:
8.000000000000002e-07
-------------------------------
Epoch 31
Epoch 31, Learning Rate:
8.000000000000002e-07
-------------------------------
Epoch 32
Epoch 32, Learning Rate:
8.000000000000002e-07
-------------------------------
Epoch 33
Epoch 33, Learning Rate:
8.000000000000002e-07
-------------------------------
Epoch 34
Epoch 34, Learning Rate:
8.000000000000002e-07
-------------------------------
Epoch 35
Epoch 35, Learning Rate:
8.000000000000002e-07
-------------------------------
Epoch 36
Epoch 36, Learning Rate:
8.000000000000002e-07
-------------------------------
Epoch 37
Epoch 37, Learning Rate:
8.000000000000002e-07
-------------------------------
Epoch 38
Epoch 38, Learning Rate:
8.000000000000002e-07
-------------------------------
Epoch 39
Epoch 39, Learning Rate:
8.000000000000002e-07
-------------------------------
Epoch 40
Epoch 40, Learning Rate:
1.6000000000000006e-07
-------------------------------
Epoch 41
Epoch 41, Learning Rate:
1.6000000000000006e-07
-------------------------------
Epoch 42
Epoch 42, Learning Rate:
1.6000000000000006e-07
-------------------------------
Epoch 43
Epoch 43, Learning Rate:
1.6000000000000006e-07
-------------------------------
Epoch 44
Epoch 44, Learning Rate:
1.6000000000000006e-07
-------------------------------
Epoch 45
Epoch 45, Learning Rate:
1.6000000000000006e-07
-------------------------------
Epoch 46
Epoch 46, Learning Rate:
1.6000000000000006e-07
-------------------------------
Epoch 47
Epoch 47, Learning Rate:
1.6000000000000006e-07
-------------------------------
Epoch 48
Epoch 48, Learning Rate:
1.6000000000000006e-07
-------------------------------
Epoch 49
Epoch 49, Learning Rate:
1.6000000000000006e-07
-------------------------------
Epoch 50
Epoch 50, Learning Rate:
3.2000000000000015e-08
-------------------------------
Epoch 51
Epoch 51, Learning Rate:
3.2000000000000015e-08
-------------------------------
Epoch 52
Epoch 52, Learning Rate:
3.2000000000000015e-08
-------------------------------
Epoch 53
Epoch 53, Learning Rate:
3.2000000000000015e-08
-------------------------------
Epoch 54
Epoch 54, Learning Rate:
3.2000000000000015e-08
-------------------------------
Epoch 55
Epoch 55, Learning Rate:
3.2000000000000015e-08
-------------------------------
Epoch 56
Epoch 56, Learning Rate:
3.2000000000000015e-08
-------------------------------
Epoch 57
Epoch 57, Learning Rate:
3.2000000000000015e-08
-------------------------------
Epoch 58
Epoch 58, Learning Rate:
3.2000000000000015e-08
-------------------------------
Epoch 59
Epoch 59, Learning Rate:
3.2000000000000015e-08
-------------------------------
Epoch 60
Epoch 60, Learning Rate:
6.4000000000000035e-09
-------------------------------
Epoch 61
Epoch 61, Learning Rate:
6.4000000000000035e-09
-------------------------------
Epoch 62
Epoch 62, Learning Rate:
6.4000000000000035e-09
-------------------------------
Epoch 63
Epoch 63, Learning Rate:
6.4000000000000035e-09
-------------------------------
Epoch 64
Epoch 64, Learning Rate:
6.4000000000000035e-09
-------------------------------
Epoch 65
Epoch 65, Learning Rate:
6.4000000000000035e-09
-------------------------------
Epoch 66
Epoch 66, Learning Rate:
6.4000000000000035e-09
-------------------------------
Epoch 67
Epoch 67, Learning Rate:
6.4000000000000035e-09
-------------------------------
Epoch 68
Epoch 68, Learning Rate:
6.4000000000000035e-09
-------------------------------
Epoch 69
Epoch 69, Learning Rate:
6.4000000000000035e-09
-------------------------------
Epoch 70
Epoch 70, Learning Rate:
1.2800000000000007e-09
-------------------------------
Epoch 71
Epoch 71, Learning Rate:
1.2800000000000007e-09
-------------------------------
Epoch 72
Epoch 72, Learning Rate:
1.2800000000000007e-09
-------------------------------
Epoch 73
Epoch 73, Learning Rate:
1.2800000000000007e-09
-------------------------------
Epoch 74
Epoch 74, Learning Rate:
1.2800000000000007e-09
-------------------------------
Epoch 75
Epoch 75, Learning Rate:
1.2800000000000007e-09
-------------------------------
Epoch 76
Epoch 76, Learning Rate:
1.2800000000000007e-09
-------------------------------
Epoch 77
Epoch 77, Learning Rate:
1.2800000000000007e-09
-------------------------------
Epoch 78
Epoch 78, Learning Rate:
1.2800000000000007e-09
-------------------------------
Epoch 79
Epoch 79, Learning Rate:
1.2800000000000007e-09
-------------------------------
Epoch 80
Epoch 80, Learning Rate:
2.5600000000000015e-10
-------------------------------
Epoch 81
Epoch 81, Learning Rate:
2.5600000000000015e-10
-------------------------------
Epoch 82
Epoch 82, Learning Rate:
2.5600000000000015e-10
-------------------------------
Epoch 83
Epoch 83, Learning Rate:
2.5600000000000015e-10
-------------------------------
Epoch 84
Epoch 84, Learning Rate:
2.5600000000000015e-10
-------------------------------
Epoch 85
Epoch 85, Learning Rate:
2.5600000000000015e-10
-------------------------------
Epoch 86
Epoch 86, Learning Rate:
2.5600000000000015e-10
-------------------------------
Epoch 87
Epoch 87, Learning Rate:
2.5600000000000015e-10
-------------------------------
Epoch 88
Epoch 88, Learning Rate:
2.5600000000000015e-10
-------------------------------
Epoch 89
Epoch 89, Learning Rate:
2.5600000000000015e-10
-------------------------------
Epoch 90
Epoch 90, Learning Rate:
5.1200000000000034e-11
-------------------------------
Epoch 91
Epoch 91, Learning Rate:
5.1200000000000034e-11
-------------------------------
Epoch 92
Epoch 92, Learning Rate:
5.1200000000000034e-11
-------------------------------
Epoch 93
Epoch 93, Learning Rate:
5.1200000000000034e-11
-------------------------------
Epoch 94
Epoch 94, Learning Rate:
5.1200000000000034e-11
-------------------------------
Epoch 95
Epoch 95, Learning Rate:
5.1200000000000034e-11
-------------------------------
Epoch 96
Epoch 96, Learning Rate:
5.1200000000000034e-11
-------------------------------
Epoch 97
Epoch 97, Learning Rate:
5.1200000000000034e-11
-------------------------------
Epoch 98
Epoch 98, Learning Rate:
5.1200000000000034e-11
-------------------------------
Epoch 99
Epoch 99, Learning Rate:
5.1200000000000034e-11
-------------------------------
Epoch 100
Epoch 100, Learning Rate:
1.0240000000000008e-11
-------------------------------
Epoch 101
Epoch 101, Learning Rate:
1.0240000000000008e-11
-------------------------------
Epoch 102
Epoch 102, Learning Rate:
1.0240000000000008e-11
-------------------------------
Epoch 103
Epoch 103, Learning Rate:
1.0240000000000008e-11
-------------------------------
Epoch 104
Epoch 104, Learning Rate:
1.0240000000000008e-11
-------------------------------
Epoch 105
Epoch 105, Learning Rate:
1.0240000000000008e-11
-------------------------------
Epoch 106
Epoch 106, Learning Rate:
1.0240000000000008e-11
-------------------------------
Epoch 107
Epoch 107, Learning Rate:
1.0240000000000008e-11
-------------------------------
Epoch 108
Epoch 108, Learning Rate:
1.0240000000000008e-11
-------------------------------
Epoch 109
Epoch 109, Learning Rate:
1.0240000000000008e-11
-------------------------------
Epoch 110
Epoch 110, Learning Rate:
2.0480000000000018e-12
-------------------------------
Epoch 111
Epoch 111, Learning Rate:
2.0480000000000018e-12
-------------------------------
Epoch 112
Epoch 112, Learning Rate:
2.0480000000000018e-12
-------------------------------
Epoch 113
Epoch 113, Learning Rate:
2.0480000000000018e-12
-------------------------------
Epoch 114
Epoch 114, Learning Rate:
2.0480000000000018e-12
-------------------------------
Epoch 115
Epoch 115, Learning Rate:
2.0480000000000018e-12
-------------------------------
Epoch 116
Epoch 116, Learning Rate:
2.0480000000000018e-12
-------------------------------
Epoch 117
Epoch 117, Learning Rate:
2.0480000000000018e-12
-------------------------------
Epoch 118
Epoch 118, Learning Rate:
2.0480000000000018e-12
-------------------------------
Epoch 119
Epoch 119, Learning Rate:
2.0480000000000018e-12
-------------------------------
Epoch 120
Epoch 120, Learning Rate:
4.096000000000004e-13
-------------------------------
Epoch 121
Epoch 121, Learning Rate:
4.096000000000004e-13
-------------------------------
Epoch 122
Epoch 122, Learning Rate:
4.096000000000004e-13
-------------------------------
Epoch 123
Epoch 123, Learning Rate:
4.096000000000004e-13
-------------------------------
Epoch 124
Epoch 124, Learning Rate:
4.096000000000004e-13
-------------------------------
Epoch 125
Epoch 125, Learning Rate:
4.096000000000004e-13
-------------------------------
Epoch 126
Epoch 126, Learning Rate:
4.096000000000004e-13
-------------------------------
Epoch 127
Epoch 127, Learning Rate:
4.096000000000004e-13
-------------------------------
Epoch 128
Epoch 128, Learning Rate:
4.096000000000004e-13
-------------------------------
Epoch 129
Epoch 129, Learning Rate:
4.096000000000004e-13
-------------------------------
Epoch 130
Epoch 130, Learning Rate:
8.192000000000008e-14
-------------------------------
Epoch 131
Epoch 131, Learning Rate:
8.192000000000008e-14
-------------------------------
Epoch 132
Epoch 132, Learning Rate:
8.192000000000008e-14
-------------------------------
Epoch 133
Epoch 133, Learning Rate:
8.192000000000008e-14
-------------------------------
Epoch 134
Epoch 134, Learning Rate:
8.192000000000008e-14
-------------------------------
Epoch 135
Epoch 135, Learning Rate:
8.192000000000008e-14
-------------------------------
Epoch 136
Epoch 136, Learning Rate:
8.192000000000008e-14
-------------------------------
Epoch 137
Epoch 137, Learning Rate:
8.192000000000008e-14
-------------------------------
Epoch 138
Epoch 138, Learning Rate:
8.192000000000008e-14
-------------------------------
Epoch 139
Epoch 139, Learning Rate:
8.192000000000008e-14
-------------------------------
Epoch 140
Epoch 140, Learning Rate:
1.6384000000000017e-14
-------------------------------
Epoch 141
Epoch 141, Learning Rate:
1.6384000000000017e-14
-------------------------------
Epoch 142
Epoch 142, Learning Rate:
1.6384000000000017e-14
-------------------------------
Epoch 143
Epoch 143, Learning Rate:
1.6384000000000017e-14
-------------------------------
Epoch 144
Epoch 144, Learning Rate:
1.6384000000000017e-14
-------------------------------
Epoch 145
Epoch 145, Learning Rate:
1.6384000000000017e-14
-------------------------------
Epoch 146
Epoch 146, Learning Rate:
1.6384000000000017e-14
-------------------------------
Epoch 147
Epoch 147, Learning Rate:
1.6384000000000017e-14
-------------------------------
Epoch 148
Epoch 148, Learning Rate:
1.6384000000000017e-14
-------------------------------
Epoch 149
Epoch 149, Learning Rate:
1.6384000000000017e-14
-------------------------------
Epoch 150
Epoch 150, Learning Rate:
3.2768000000000035e-15
-------------------------------
Epoch 151
Epoch 151, Learning Rate:
3.2768000000000035e-15
-------------------------------
Epoch 152
Epoch 152, Learning Rate:
3.2768000000000035e-15
-------------------------------
Epoch 153
Epoch 153, Learning Rate:
3.2768000000000035e-15
-------------------------------
Epoch 154
Epoch 154, Learning Rate:
3.2768000000000035e-15
-------------------------------
Epoch 155
Epoch 155, Learning Rate:
3.2768000000000035e-15
-------------------------------
Epoch 156
Epoch 156, Learning Rate:
3.2768000000000035e-15
-------------------------------
Epoch 157
Epoch 157, Learning Rate:
3.2768000000000035e-15
-------------------------------
Epoch 158
Epoch 158, Learning Rate:
3.2768000000000035e-15
-------------------------------
Epoch 159
Epoch 159, Learning Rate:
3.2768000000000035e-15
-------------------------------
Epoch 160
Epoch 160, Learning Rate:
6.553600000000008e-16
-------------------------------
Epoch 161
Epoch 161, Learning Rate:
6.553600000000008e-16
-------------------------------
Epoch 162
Epoch 162, Learning Rate:
6.553600000000008e-16
-------------------------------
Epoch 163
Epoch 163, Learning Rate:
6.553600000000008e-16
-------------------------------
Epoch 164
Epoch 164, Learning Rate:
6.553600000000008e-16
-------------------------------
Epoch 165
Epoch 165, Learning Rate:
6.553600000000008e-16
-------------------------------
Epoch 166
Epoch 166, Learning Rate:
6.553600000000008e-16
-------------------------------
Epoch 167
Epoch 167, Learning Rate:
6.553600000000008e-16
-------------------------------
Epoch 168
Epoch 168, Learning Rate:
6.553600000000008e-16
-------------------------------
Epoch 169
Epoch 169, Learning Rate:
6.553600000000008e-16
-------------------------------
Epoch 170
Epoch 170, Learning Rate:
1.3107200000000016e-16
-------------------------------
Epoch 171
Epoch 171, Learning Rate:
1.3107200000000016e-16
-------------------------------
Epoch 172
Epoch 172, Learning Rate:
1.3107200000000016e-16
-------------------------------
Epoch 173
Epoch 173, Learning Rate:
1.3107200000000016e-16
-------------------------------
Epoch 174
Epoch 174, Learning Rate:
1.3107200000000016e-16
-------------------------------
Epoch 175
Epoch 175, Learning Rate:
1.3107200000000016e-16
-------------------------------
Epoch 176
Epoch 176, Learning Rate:
1.3107200000000016e-16
-------------------------------
Epoch 177
Epoch 177, Learning Rate:
1.3107200000000016e-16
-------------------------------
Epoch 178
Epoch 178, Learning Rate:
1.3107200000000016e-16
-------------------------------
Epoch 179
Epoch 179, Learning Rate:
1.3107200000000016e-16
-------------------------------
Epoch 180
Epoch 180, Learning Rate:
2.6214400000000032e-17
-------------------------------
Epoch 181
Epoch 181, Learning Rate:
2.6214400000000032e-17
-------------------------------
Epoch 182
Epoch 182, Learning Rate:
2.6214400000000032e-17
-------------------------------
Epoch 183
Epoch 183, Learning Rate:
2.6214400000000032e-17
-------------------------------
Epoch 184
Epoch 184, Learning Rate:
2.6214400000000032e-17
-------------------------------
Epoch 185
Epoch 185, Learning Rate:
2.6214400000000032e-17
early stop at epoch:184
[8.355049508101629e-06, 9.372366952295055e-06, 1.430123874029905e-05, 1.6443902776450226e-05, 1.2856144811354297e-05, 3.0694457994145594e-05, 3.268810033368886e-05, 2.398553561745711e-05, 2.7805211829716957e-05, 4.371681055870232e-05, 5.1095744708971096e-05, 5.9174932016223e-05, 5.360002328707679e-05, 4.803722193028608e-05, 5.157528171429834e-05, 4.8644728757360586e-05, 4.1179942845904716e-05, 3.520564822589654e-05, 3.237029708841415e-05, 2.4908309554209403e-05, 2.2523373687396135e-05, 1.82212424718318e-05, 6.683749606271645e-06, 1.2817057983285712e-05, 1.1996497689675941e-05, 5.11453659379902e-06, 7.600874817815067e-06, 2.5889008119255206e-05, 1.8203325426521344e-05, 2.5226902784634388e-05, 3.3267346088912064e-05, 3.0092024314804255e-05, 6.600371405196079e-05, 6.983694478440114e-05, 6.076302993394177e-05, 5.522002451488526e-05, 5.871011988491289e-05, 6.114594524755347e-05, 5.8864453295413565e-05, 6.022548338337968e-05, 6.306914339403291e-05, 5.0175218575713484e-05, 4.121018167571722e-05, 3.416548486427817e-05, 2.9357670946102632e-05, 4.9824549473312305e-05, 3.8904180318689605e-05, 3.189934274497013e-05, 3.210063181629702e-05, 3.1878967965099976e-05]
[135, 136, 137, 138, 139, 140, 141, 142, 143, 144, 145, 146, 147, 148, 149, 150, 151, 152, 153, 154, 155, 156, 157, 158, 159, 160, 161, 162, 163, 164, 165, 166, 167, 168, 169, 170, 171, 172, 173, 174, 175, 176, 177, 178, 179, 180, 181, 182, 183, 184]
Done!
finish all epochs:500
