nohup: ignoring input
使用的设备: cuda
-------------------------------
Epoch 1
Epoch 1, Learning Rate:
0.0001
-------------------------------
Epoch 2
Epoch 2, Learning Rate:
0.0001
-------------------------------
Epoch 3
Epoch 3, Learning Rate:
0.0001
-------------------------------
Epoch 4
Epoch 4, Learning Rate:
0.0001
-------------------------------
Epoch 5
Epoch 5, Learning Rate:
0.0001
-------------------------------
Epoch 6
Epoch 6, Learning Rate:
0.0001
-------------------------------
Epoch 7
Epoch 7, Learning Rate:
0.0001
-------------------------------
Epoch 8
Epoch 8, Learning Rate:
0.0001
-------------------------------
Epoch 9
Epoch 9, Learning Rate:
0.0001
-------------------------------
Epoch 10
Epoch 10, Learning Rate:
2e-05
-------------------------------
Epoch 11
Epoch 11, Learning Rate:
2e-05
-------------------------------
Epoch 12
Epoch 12, Learning Rate:
2e-05
-------------------------------
Epoch 13
Epoch 13, Learning Rate:
2e-05
-------------------------------
Epoch 14
Epoch 14, Learning Rate:
2e-05
-------------------------------
Epoch 15
Epoch 15, Learning Rate:
2e-05
-------------------------------
Epoch 16
Epoch 16, Learning Rate:
2e-05
-------------------------------
Epoch 17
Epoch 17, Learning Rate:
2e-05
-------------------------------
Epoch 18
Epoch 18, Learning Rate:
2e-05
-------------------------------
Epoch 19
Epoch 19, Learning Rate:
2e-05
-------------------------------
Epoch 20
Epoch 20, Learning Rate:
4.000000000000001e-06
-------------------------------
Epoch 21
Epoch 21, Learning Rate:
4.000000000000001e-06
-------------------------------
Epoch 22
Epoch 22, Learning Rate:
4.000000000000001e-06
-------------------------------
Epoch 23
Epoch 23, Learning Rate:
4.000000000000001e-06
-------------------------------
Epoch 24
Epoch 24, Learning Rate:
4.000000000000001e-06
-------------------------------
Epoch 25
Epoch 25, Learning Rate:
4.000000000000001e-06
-------------------------------
Epoch 26
Epoch 26, Learning Rate:
4.000000000000001e-06
-------------------------------
Epoch 27
Epoch 27, Learning Rate:
4.000000000000001e-06
-------------------------------
Epoch 28
Epoch 28, Learning Rate:
4.000000000000001e-06
-------------------------------
Epoch 29
Epoch 29, Learning Rate:
4.000000000000001e-06
-------------------------------
Epoch 30
Epoch 30, Learning Rate:
8.000000000000002e-07
-------------------------------
Epoch 31
Epoch 31, Learning Rate:
8.000000000000002e-07
-------------------------------
Epoch 32
Epoch 32, Learning Rate:
8.000000000000002e-07
-------------------------------
Epoch 33
Epoch 33, Learning Rate:
8.000000000000002e-07
-------------------------------
Epoch 34
Epoch 34, Learning Rate:
8.000000000000002e-07
-------------------------------
Epoch 35
Epoch 35, Learning Rate:
8.000000000000002e-07
-------------------------------
Epoch 36
Epoch 36, Learning Rate:
8.000000000000002e-07
-------------------------------
Epoch 37
Epoch 37, Learning Rate:
8.000000000000002e-07
-------------------------------
Epoch 38
Epoch 38, Learning Rate:
8.000000000000002e-07
-------------------------------
Epoch 39
Epoch 39, Learning Rate:
8.000000000000002e-07
-------------------------------
Epoch 40
Epoch 40, Learning Rate:
1.6000000000000006e-07
-------------------------------
Epoch 41
Epoch 41, Learning Rate:
1.6000000000000006e-07
-------------------------------
Epoch 42
Epoch 42, Learning Rate:
1.6000000000000006e-07
-------------------------------
Epoch 43
Epoch 43, Learning Rate:
1.6000000000000006e-07
-------------------------------
Epoch 44
Epoch 44, Learning Rate:
1.6000000000000006e-07
-------------------------------
Epoch 45
Epoch 45, Learning Rate:
1.6000000000000006e-07
-------------------------------
Epoch 46
Epoch 46, Learning Rate:
1.6000000000000006e-07
-------------------------------
Epoch 47
Epoch 47, Learning Rate:
1.6000000000000006e-07
-------------------------------
Epoch 48
Epoch 48, Learning Rate:
1.6000000000000006e-07
-------------------------------
Epoch 49
Epoch 49, Learning Rate:
1.6000000000000006e-07
-------------------------------
Epoch 50
Epoch 50, Learning Rate:
3.2000000000000015e-08
-------------------------------
Epoch 51
Epoch 51, Learning Rate:
3.2000000000000015e-08
-------------------------------
Epoch 52
Epoch 52, Learning Rate:
3.2000000000000015e-08
-------------------------------
Epoch 53
Epoch 53, Learning Rate:
3.2000000000000015e-08
-------------------------------
Epoch 54
Epoch 54, Learning Rate:
3.2000000000000015e-08
-------------------------------
Epoch 55
Epoch 55, Learning Rate:
3.2000000000000015e-08
-------------------------------
Epoch 56
Epoch 56, Learning Rate:
3.2000000000000015e-08
-------------------------------
Epoch 57
Epoch 57, Learning Rate:
3.2000000000000015e-08
-------------------------------
Epoch 58
Epoch 58, Learning Rate:
3.2000000000000015e-08
-------------------------------
Epoch 59
Epoch 59, Learning Rate:
3.2000000000000015e-08
-------------------------------
Epoch 60
Epoch 60, Learning Rate:
6.4000000000000035e-09
-------------------------------
Epoch 61
Epoch 61, Learning Rate:
6.4000000000000035e-09
-------------------------------
Epoch 62
Epoch 62, Learning Rate:
6.4000000000000035e-09
-------------------------------
Epoch 63
Epoch 63, Learning Rate:
6.4000000000000035e-09
-------------------------------
Epoch 64
Epoch 64, Learning Rate:
6.4000000000000035e-09
-------------------------------
Epoch 65
Epoch 65, Learning Rate:
6.4000000000000035e-09
-------------------------------
Epoch 66
Epoch 66, Learning Rate:
6.4000000000000035e-09
-------------------------------
Epoch 67
Epoch 67, Learning Rate:
6.4000000000000035e-09
-------------------------------
Epoch 68
Epoch 68, Learning Rate:
6.4000000000000035e-09
-------------------------------
Epoch 69
Epoch 69, Learning Rate:
6.4000000000000035e-09
-------------------------------
Epoch 70
Epoch 70, Learning Rate:
1.2800000000000007e-09
-------------------------------
Epoch 71
Epoch 71, Learning Rate:
1.2800000000000007e-09
-------------------------------
Epoch 72
Epoch 72, Learning Rate:
1.2800000000000007e-09
-------------------------------
Epoch 73
Epoch 73, Learning Rate:
1.2800000000000007e-09
-------------------------------
Epoch 74
Epoch 74, Learning Rate:
1.2800000000000007e-09
-------------------------------
Epoch 75
Epoch 75, Learning Rate:
1.2800000000000007e-09
-------------------------------
Epoch 76
Epoch 76, Learning Rate:
1.2800000000000007e-09
-------------------------------
Epoch 77
Epoch 77, Learning Rate:
1.2800000000000007e-09
-------------------------------
Epoch 78
Epoch 78, Learning Rate:
1.2800000000000007e-09
-------------------------------
Epoch 79
Epoch 79, Learning Rate:
1.2800000000000007e-09
-------------------------------
Epoch 80
Epoch 80, Learning Rate:
2.5600000000000015e-10
-------------------------------
Epoch 81
Epoch 81, Learning Rate:
2.5600000000000015e-10
-------------------------------
Epoch 82
Epoch 82, Learning Rate:
2.5600000000000015e-10
-------------------------------
Epoch 83
Epoch 83, Learning Rate:
2.5600000000000015e-10
-------------------------------
Epoch 84
Epoch 84, Learning Rate:
2.5600000000000015e-10
-------------------------------
Epoch 85
Epoch 85, Learning Rate:
2.5600000000000015e-10
-------------------------------
Epoch 86
Epoch 86, Learning Rate:
2.5600000000000015e-10
-------------------------------
Epoch 87
Epoch 87, Learning Rate:
2.5600000000000015e-10
-------------------------------
Epoch 88
Epoch 88, Learning Rate:
2.5600000000000015e-10
-------------------------------
Epoch 89
Epoch 89, Learning Rate:
2.5600000000000015e-10
-------------------------------
Epoch 90
Epoch 90, Learning Rate:
5.1200000000000034e-11
-------------------------------
Epoch 91
Epoch 91, Learning Rate:
5.1200000000000034e-11
-------------------------------
Epoch 92
Epoch 92, Learning Rate:
5.1200000000000034e-11
-------------------------------
Epoch 93
Epoch 93, Learning Rate:
5.1200000000000034e-11
-------------------------------
Epoch 94
Epoch 94, Learning Rate:
5.1200000000000034e-11
-------------------------------
Epoch 95
Epoch 95, Learning Rate:
5.1200000000000034e-11
-------------------------------
Epoch 96
Epoch 96, Learning Rate:
5.1200000000000034e-11
-------------------------------
Epoch 97
Epoch 97, Learning Rate:
5.1200000000000034e-11
-------------------------------
Epoch 98
Epoch 98, Learning Rate:
5.1200000000000034e-11
-------------------------------
Epoch 99
Epoch 99, Learning Rate:
5.1200000000000034e-11
-------------------------------
Epoch 100
Epoch 100, Learning Rate:
1.0240000000000008e-11
-------------------------------
Epoch 101
Epoch 101, Learning Rate:
1.0240000000000008e-11
-------------------------------
Epoch 102
Epoch 102, Learning Rate:
1.0240000000000008e-11
-------------------------------
Epoch 103
Epoch 103, Learning Rate:
1.0240000000000008e-11
-------------------------------
Epoch 104
Epoch 104, Learning Rate:
1.0240000000000008e-11
-------------------------------
Epoch 105
Epoch 105, Learning Rate:
1.0240000000000008e-11
-------------------------------
Epoch 106
Epoch 106, Learning Rate:
1.0240000000000008e-11
-------------------------------
Epoch 107
Epoch 107, Learning Rate:
1.0240000000000008e-11
-------------------------------
Epoch 108
Epoch 108, Learning Rate:
1.0240000000000008e-11
-------------------------------
Epoch 109
Epoch 109, Learning Rate:
1.0240000000000008e-11
-------------------------------
Epoch 110
Epoch 110, Learning Rate:
2.0480000000000018e-12
-------------------------------
Epoch 111
Epoch 111, Learning Rate:
2.0480000000000018e-12
-------------------------------
Epoch 112
Epoch 112, Learning Rate:
2.0480000000000018e-12
-------------------------------
Epoch 113
Epoch 113, Learning Rate:
2.0480000000000018e-12
-------------------------------
Epoch 114
Epoch 114, Learning Rate:
2.0480000000000018e-12
-------------------------------
Epoch 115
Epoch 115, Learning Rate:
2.0480000000000018e-12
-------------------------------
Epoch 116
Epoch 116, Learning Rate:
2.0480000000000018e-12
-------------------------------
Epoch 117
Epoch 117, Learning Rate:
2.0480000000000018e-12
-------------------------------
Epoch 118
Epoch 118, Learning Rate:
2.0480000000000018e-12
-------------------------------
Epoch 119
Epoch 119, Learning Rate:
2.0480000000000018e-12
-------------------------------
Epoch 120
Epoch 120, Learning Rate:
4.096000000000004e-13
-------------------------------
Epoch 121
Epoch 121, Learning Rate:
4.096000000000004e-13
-------------------------------
Epoch 122
Epoch 122, Learning Rate:
4.096000000000004e-13
-------------------------------
Epoch 123
Epoch 123, Learning Rate:
4.096000000000004e-13
-------------------------------
Epoch 124
Epoch 124, Learning Rate:
4.096000000000004e-13
-------------------------------
Epoch 125
Epoch 125, Learning Rate:
4.096000000000004e-13
-------------------------------
Epoch 126
Epoch 126, Learning Rate:
4.096000000000004e-13
-------------------------------
Epoch 127
Epoch 127, Learning Rate:
4.096000000000004e-13
-------------------------------
Epoch 128
Epoch 128, Learning Rate:
4.096000000000004e-13
-------------------------------
Epoch 129
Epoch 129, Learning Rate:
4.096000000000004e-13
-------------------------------
Epoch 130
Epoch 130, Learning Rate:
8.192000000000008e-14
-------------------------------
Epoch 131
Epoch 131, Learning Rate:
8.192000000000008e-14
-------------------------------
Epoch 132
Epoch 132, Learning Rate:
8.192000000000008e-14
-------------------------------
Epoch 133
Epoch 133, Learning Rate:
8.192000000000008e-14
-------------------------------
Epoch 134
Epoch 134, Learning Rate:
8.192000000000008e-14
-------------------------------
Epoch 135
Epoch 135, Learning Rate:
8.192000000000008e-14
-------------------------------
Epoch 136
Epoch 136, Learning Rate:
8.192000000000008e-14
-------------------------------
Epoch 137
Epoch 137, Learning Rate:
8.192000000000008e-14
-------------------------------
Epoch 138
Epoch 138, Learning Rate:
8.192000000000008e-14
-------------------------------
Epoch 139
Epoch 139, Learning Rate:
8.192000000000008e-14
-------------------------------
Epoch 140
Epoch 140, Learning Rate:
1.6384000000000017e-14
-------------------------------
Epoch 141
Epoch 141, Learning Rate:
1.6384000000000017e-14
-------------------------------
Epoch 142
Epoch 142, Learning Rate:
1.6384000000000017e-14
-------------------------------
Epoch 143
Epoch 143, Learning Rate:
1.6384000000000017e-14
-------------------------------
Epoch 144
Epoch 144, Learning Rate:
1.6384000000000017e-14
-------------------------------
Epoch 145
Epoch 145, Learning Rate:
1.6384000000000017e-14
-------------------------------
Epoch 146
Epoch 146, Learning Rate:
1.6384000000000017e-14
-------------------------------
Epoch 147
Epoch 147, Learning Rate:
1.6384000000000017e-14
-------------------------------
Epoch 148
Epoch 148, Learning Rate:
1.6384000000000017e-14
-------------------------------
Epoch 149
Epoch 149, Learning Rate:
1.6384000000000017e-14
-------------------------------
Epoch 150
Epoch 150, Learning Rate:
3.2768000000000035e-15
-------------------------------
Epoch 151
Epoch 151, Learning Rate:
3.2768000000000035e-15
-------------------------------
Epoch 152
Epoch 152, Learning Rate:
3.2768000000000035e-15
-------------------------------
Epoch 153
Epoch 153, Learning Rate:
3.2768000000000035e-15
-------------------------------
Epoch 154
Epoch 154, Learning Rate:
3.2768000000000035e-15
-------------------------------
Epoch 155
Epoch 155, Learning Rate:
3.2768000000000035e-15
-------------------------------
Epoch 156
Epoch 156, Learning Rate:
3.2768000000000035e-15
-------------------------------
Epoch 157
Epoch 157, Learning Rate:
3.2768000000000035e-15
-------------------------------
Epoch 158
Epoch 158, Learning Rate:
3.2768000000000035e-15
-------------------------------
Epoch 159
Epoch 159, Learning Rate:
3.2768000000000035e-15
-------------------------------
Epoch 160
Epoch 160, Learning Rate:
6.553600000000008e-16
-------------------------------
Epoch 161
Epoch 161, Learning Rate:
6.553600000000008e-16
-------------------------------
Epoch 162
Epoch 162, Learning Rate:
6.553600000000008e-16
-------------------------------
Epoch 163
Epoch 163, Learning Rate:
6.553600000000008e-16
-------------------------------
Epoch 164
Epoch 164, Learning Rate:
6.553600000000008e-16
-------------------------------
Epoch 165
Epoch 165, Learning Rate:
6.553600000000008e-16
-------------------------------
Epoch 166
Epoch 166, Learning Rate:
6.553600000000008e-16
-------------------------------
Epoch 167
Epoch 167, Learning Rate:
6.553600000000008e-16
-------------------------------
Epoch 168
Epoch 168, Learning Rate:
6.553600000000008e-16
-------------------------------
Epoch 169
Epoch 169, Learning Rate:
6.553600000000008e-16
-------------------------------
Epoch 170
Epoch 170, Learning Rate:
1.3107200000000016e-16
-------------------------------
Epoch 171
Epoch 171, Learning Rate:
1.3107200000000016e-16
-------------------------------
Epoch 172
Epoch 172, Learning Rate:
1.3107200000000016e-16
-------------------------------
Epoch 173
Epoch 173, Learning Rate:
1.3107200000000016e-16
-------------------------------
Epoch 174
Epoch 174, Learning Rate:
1.3107200000000016e-16
-------------------------------
Epoch 175
Epoch 175, Learning Rate:
1.3107200000000016e-16
-------------------------------
Epoch 176
Epoch 176, Learning Rate:
1.3107200000000016e-16
-------------------------------
Epoch 177
Epoch 177, Learning Rate:
1.3107200000000016e-16
-------------------------------
Epoch 178
Epoch 178, Learning Rate:
1.3107200000000016e-16
-------------------------------
Epoch 179
Epoch 179, Learning Rate:
1.3107200000000016e-16
-------------------------------
Epoch 180
Epoch 180, Learning Rate:
2.6214400000000032e-17
-------------------------------
Epoch 181
Epoch 181, Learning Rate:
2.6214400000000032e-17
-------------------------------
Epoch 182
Epoch 182, Learning Rate:
2.6214400000000032e-17
-------------------------------
Epoch 183
Epoch 183, Learning Rate:
2.6214400000000032e-17
-------------------------------
Epoch 184
Epoch 184, Learning Rate:
2.6214400000000032e-17
-------------------------------
Epoch 185
Epoch 185, Learning Rate:
2.6214400000000032e-17
-------------------------------
Epoch 186
Epoch 186, Learning Rate:
2.6214400000000032e-17
-------------------------------
Epoch 187
Epoch 187, Learning Rate:
2.6214400000000032e-17
-------------------------------
Epoch 188
Epoch 188, Learning Rate:
2.6214400000000032e-17
-------------------------------
Epoch 189
Epoch 189, Learning Rate:
2.6214400000000032e-17
-------------------------------
Epoch 190
Epoch 190, Learning Rate:
5.242880000000007e-18
-------------------------------
Epoch 191
Epoch 191, Learning Rate:
5.242880000000007e-18
-------------------------------
Epoch 192
Epoch 192, Learning Rate:
5.242880000000007e-18
-------------------------------
Epoch 193
Epoch 193, Learning Rate:
5.242880000000007e-18
-------------------------------
Epoch 194
Epoch 194, Learning Rate:
5.242880000000007e-18
-------------------------------
Epoch 195
Epoch 195, Learning Rate:
5.242880000000007e-18
-------------------------------
Epoch 196
Epoch 196, Learning Rate:
5.242880000000007e-18
-------------------------------
Epoch 197
Epoch 197, Learning Rate:
5.242880000000007e-18
-------------------------------
Epoch 198
Epoch 198, Learning Rate:
5.242880000000007e-18
-------------------------------
Epoch 199
Epoch 199, Learning Rate:
5.242880000000007e-18
-------------------------------
Epoch 200
Epoch 200, Learning Rate:
1.0485760000000015e-18
-------------------------------
Epoch 201
Epoch 201, Learning Rate:
1.0485760000000015e-18
-------------------------------
Epoch 202
Epoch 202, Learning Rate:
1.0485760000000015e-18
-------------------------------
Epoch 203
Epoch 203, Learning Rate:
1.0485760000000015e-18
-------------------------------
Epoch 204
Epoch 204, Learning Rate:
1.0485760000000015e-18
-------------------------------
Epoch 205
Epoch 205, Learning Rate:
1.0485760000000015e-18
-------------------------------
Epoch 206
Epoch 206, Learning Rate:
1.0485760000000015e-18
-------------------------------
Epoch 207
Epoch 207, Learning Rate:
1.0485760000000015e-18
-------------------------------
Epoch 208
Epoch 208, Learning Rate:
1.0485760000000015e-18
-------------------------------
Epoch 209
Epoch 209, Learning Rate:
1.0485760000000015e-18
-------------------------------
Epoch 210
Epoch 210, Learning Rate:
2.097152000000003e-19
-------------------------------
Epoch 211
Epoch 211, Learning Rate:
2.097152000000003e-19
-------------------------------
Epoch 212
Epoch 212, Learning Rate:
2.097152000000003e-19
-------------------------------
Epoch 213
Epoch 213, Learning Rate:
2.097152000000003e-19
-------------------------------
Epoch 214
Epoch 214, Learning Rate:
2.097152000000003e-19
-------------------------------
Epoch 215
Epoch 215, Learning Rate:
2.097152000000003e-19
-------------------------------
Epoch 216
Epoch 216, Learning Rate:
2.097152000000003e-19
-------------------------------
Epoch 217
Epoch 217, Learning Rate:
2.097152000000003e-19
-------------------------------
Epoch 218
Epoch 218, Learning Rate:
2.097152000000003e-19
-------------------------------
Epoch 219
Epoch 219, Learning Rate:
2.097152000000003e-19
-------------------------------
Epoch 220
Epoch 220, Learning Rate:
4.194304000000006e-20
-------------------------------
Epoch 221
Epoch 221, Learning Rate:
4.194304000000006e-20
-------------------------------
Epoch 222
Epoch 222, Learning Rate:
4.194304000000006e-20
-------------------------------
Epoch 223
Epoch 223, Learning Rate:
4.194304000000006e-20
-------------------------------
Epoch 224
Epoch 224, Learning Rate:
4.194304000000006e-20
-------------------------------
Epoch 225
Epoch 225, Learning Rate:
4.194304000000006e-20
-------------------------------
Epoch 226
Epoch 226, Learning Rate:
4.194304000000006e-20
-------------------------------
Epoch 227
Epoch 227, Learning Rate:
4.194304000000006e-20
-------------------------------
Epoch 228
Epoch 228, Learning Rate:
4.194304000000006e-20
-------------------------------
Epoch 229
Epoch 229, Learning Rate:
4.194304000000006e-20
-------------------------------
Epoch 230
Epoch 230, Learning Rate:
8.388608000000012e-21
-------------------------------
Epoch 231
Epoch 231, Learning Rate:
8.388608000000012e-21
-------------------------------
Epoch 232
Epoch 232, Learning Rate:
8.388608000000012e-21
-------------------------------
Epoch 233
Epoch 233, Learning Rate:
8.388608000000012e-21
-------------------------------
Epoch 234
Epoch 234, Learning Rate:
8.388608000000012e-21
-------------------------------
Epoch 235
Epoch 235, Learning Rate:
8.388608000000012e-21
-------------------------------
Epoch 236
Epoch 236, Learning Rate:
8.388608000000012e-21
-------------------------------
Epoch 237
Epoch 237, Learning Rate:
8.388608000000012e-21
-------------------------------
Epoch 238
Epoch 238, Learning Rate:
8.388608000000012e-21
-------------------------------
Epoch 239
Epoch 239, Learning Rate:
8.388608000000012e-21
early stop at epoch:238
[0.00013059831030067556, 0.00010403300701480666, 0.00011013963605229164, 8.751541966883215e-05, 9.421955683634196e-05, 8.570156587647774e-05, 6.479808778500921e-05, 4.2618646931533664e-05, 1.8298533578522833e-05, 9.933279467230026e-06, 1.280418558030569e-05, 8.851156282682568e-06, 2.7277681551703834e-05, 2.1102419009013994e-05, 1.372478409510405e-05, 1.356384413940628e-06, 4.578759998870244e-06, 2.505047817011252e-06, 5.289371592962015e-05, 5.395426139199719e-05, 4.6060880268213976e-05, 3.531431170160313e-05, 3.4873200470910335e-05, 2.0668204507084992e-05, 6.328408051134588e-05, 9.88116603107656e-05, 0.00012150187245240301, 0.00012488506039848277, 0.00011975521002622212, 0.00019902690500468194, 0.00022670095961760075, 0.0002022758726956321, 0.000176546552060854, 0.00017862729334226603, 0.00015383345613173362, 0.00013567354199157898, 0.0001146616922224126, 9.894174261360748e-05, 7.566571363559853e-05, 5.600964060636841e-05, 5.773006749897291e-05, 3.7619325311100866e-05, 1.2722935661727077e-05, 3.1709232936654575e-05, 6.359831176671369e-05, 6.559228832248728e-05, 5.523678682753437e-05, 7.056964733520464e-05, 6.492936565112513e-05, 5.788704536917823e-05]
[100, 101, 102, 103, 104, 105, 106, 107, 108, 109, 120, 121, 129, 156, 157, 158, 168, 170, 171, 172, 173, 174, 175, 176, 177, 178, 179, 180, 181, 182, 183, 184, 185, 186, 187, 188, 189, 190, 191, 192, 193, 194, 195, 232, 233, 234, 235, 236, 237, 238]
Done!
finish all epochs:500
